1658916666: No will message specified.
1658916666: Sending CONNACK to gatewayid (0, 0)
1658916666: Received PUBLISH from gatewayid (d0, q0, r0, m0, 'gatewayConn', ... (21 bytes))
1658916666: Received SUBSCRIBE from gatewayid
1658916666: 	toBACnet/7179d7d6-0f75-4b23-905b-16d670a7f7e1/co2 (QoS 0)
1658916666: 	toBACnet/7179d7d6-0f75-4b23-905b-16d670a7f7e1/voc (QoS 0)
1658916666: 	toBACnet/7179d7d6-0f75-4b23-905b-16d670a7f7e1/co (QoS 0)
1658916666: 	toBACnet/7179d7d6-0f75-4b23-905b-16d670a7f7e1/pm10 (QoS 0)
1658916666: 	toBACnet/7179d7d6-0f75-4b23-905b-16d670a7f7e1/pm2.5 (QoS 0)
1658916666: 	toBACnet/7179d7d6-0f75-4b23-905b-16d670a7f7e1/temp (QoS 0)
1658916666: 	toBACnet/7179d7d6-0f75-4b23-905b-16d670a7f7e1/hum (QoS 0)
1658916666: 	toBACnet/7179d7d6-0f75-4b23-905b-16d670a7f7e1/prb (QoS 0)
1658916666: 	toBACnet/7179d7d6-0f75-4b23-905b-16d670a7f7e1/pm1 (QoS 0)
1658916666: 	toBACnet/7179d7d6-0f75-4b23-905b-16d670a7f7e1/pm4 (QoS 0)
1658916666: 	toBACnet/7179d7d6-0f75-4b23-905b-16d670a7f7e1/iaqi (QoS 0)
1658916666: 	toBACnet/7179d7d6-0f75-4b23-905b-16d670a7f7e1/tci (QoS 0)
1658916666: 	toBACnet/7179d7d6-0f75-4b23-905b-16d670a7f7e1/eiaqi (QoS 0)
1658916666: Sending SUBACK to gatewayid
1658916666: Received PINGREQ from gatewayid
1658916666: Sending PINGRESP to gatewayid
1658916726: Received PINGREQ from gatewayid
1658916726: Sending PINGRESP to gatewayid
1658916801: No will message specified.
1658916801: Sending CONNACK to gatewayid (0, 0)
1658916802: Received PUBLISH from gatewayid (d0, q0, r0, m0, 'gatewayConn', ... (21 bytes))
1658916802: Received SUBSCRIBE from gatewayid
1658916802: 	toBACnet/7179d7d6-0f75-4b23-905b-16d670a7f7e1/co2 (QoS 0)
1658916802: 	toBACnet/7179d7d6-0f75-4b23-905b-16d670a7f7e1/voc (QoS 0)
1658916802: 	toBACnet/7179d7d6-0f75-4b23-905b-16d670a7f7e1/co (QoS 0)
1658916802: 	toBACnet/7179d7d6-0f75-4b23-905b-16d670a7f7e1/pm10 (QoS 0)
1658916802: 	toBACnet/7179d7d6-0f75-4b23-905b-16d670a7f7e1/pm2.5 (QoS 0)
1658916802: 	toBACnet/7179d7d6-0f75-4b23-905b-16d670a7f7e1/temp (QoS 0)
1658916802: 	toBACnet/7179d7d6-0f75-4b23-905b-16d670a7f7e1/hum (QoS 0)
1658916802: 	toBACnet/7179d7d6-0f75-4b23-905b-16d670a7f7e1/prb (QoS 0)
1658916802: 	toBACnet/7179d7d6-0f75-4b23-905b-16d670a7f7e1/pm1 (QoS 0)
1658916802: 	toBACnet/7179d7d6-0f75-4b23-905b-16d670a7f7e1/pm4 (QoS 0)
1658916802: 	toBACnet/7179d7d6-0f75-4b23-905b-16d670a7f7e1/iaqi (QoS 0)
1658916802: 	toBACnet/7179d7d6-0f75-4b23-905b-16d670a7f7e1/tci (QoS 0)
1658916802: 	toBACnet/7179d7d6-0f75-4b23-905b-16d670a7f7e1/eiaqi (QoS 0)
1658916802: Sending SUBACK to gatewayid
1658916862: No will message specified.
1658916862: Sending CONNACK to gatewayid (0, 0)
1658916862: Received PUBLISH from gatewayid (d0, q0, r0, m0, 'gatewayConn', ... (21 bytes))
1658916862: Received SUBSCRIBE from gatewayid
1658916862: 	toBACnet/7179d7d6-0f75-4b23-905b-16d670a7f7e1/co2 (QoS 0)
1658916862: 	toBACnet/7179d7d6-0f75-4b23-905b-16d670a7f7e1/voc (QoS 0)
1658916862: 	toBACnet/7179d7d6-0f75-4b23-905b-16d670a7f7e1/co (QoS 0)
1658916862: 	toBACnet/7179d7d6-0f75-4b23-905b-16d670a7f7e1/pm10 (QoS 0)
1658916862: 	toBACnet/7179d7d6-0f75-4b23-905b-16d670a7f7e1/pm2.5 (QoS 0)
1658916862: 	toBACnet/7179d7d6-0f75-4b23-905b-16d670a7f7e1/temp (QoS 0)
1658916862: 	toBACnet/7179d7d6-0f75-4b23-905b-16d670a7f7e1/hum (QoS 0)
1658916862: 	toBACnet/7179d7d6-0f75-4b23-905b-16d670a7f7e1/prb (QoS 0)
1658916862: 	toBACnet/7179d7d6-0f75-4b23-905b-16d670a7f7e1/pm1 (QoS 0)
1658916862: 	toBACnet/7179d7d6-0f75-4b23-905b-16d670a7f7e1/pm4 (QoS 0)
1658916862: 	toBACnet/7179d7d6-0f75-4b23-905b-16d670a7f7e1/iaqi (QoS 0)
1658916862: 	toBACnet/7179d7d6-0f75-4b23-905b-16d670a7f7e1/tci (QoS 0)
1658916862: 	toBACnet/7179d7d6-0f75-4b23-905b-16d670a7f7e1/eiaqi (QoS 0)
1658916862: Sending SUBACK to gatewayid
1658916907: Received PINGREQ from gatewayid
1658916907: Sending PINGRESP to gatewayid
1658916967: Received PINGREQ from gatewayid
1658916967: Sending PINGRESP to gatewayid
1658917027: Received PINGREQ from gatewayid
1658917027: Sending PINGRESP to gatewayid
1658917087: Received PINGREQ from gatewayid
1658917087: Sending PINGRESP to gatewayid
1658917162: No will message specified.
1658917162: Sending CONNACK to gatewayid (0, 0)
1658917162: Received PUBLISH from gatewayid (d0, q0, r0, m0, 'gatewayConn', ... (21 bytes))
1658917163: Received SUBSCRIBE from gatewayid
1658917163: 	toBACnet/7179d7d6-0f75-4b23-905b-16d670a7f7e1/co2 (QoS 0)
1658917163: 	toBACnet/7179d7d6-0f75-4b23-905b-16d670a7f7e1/voc (QoS 0)
1658917163: 	toBACnet/7179d7d6-0f75-4b23-905b-16d670a7f7e1/co (QoS 0)
1658917163: 	toBACnet/7179d7d6-0f75-4b23-905b-16d670a7f7e1/pm10 (QoS 0)
1658917163: 	toBACnet/7179d7d6-0f75-4b23-905b-16d670a7f7e1/pm2.5 (QoS 0)
1658917163: 	toBACnet/7179d7d6-0f75-4b23-905b-16d670a7f7e1/temp (QoS 0)
1658917163: 	toBACnet/7179d7d6-0f75-4b23-905b-16d670a7f7e1/hum (QoS 0)
1658917163: 	toBACnet/7179d7d6-0f75-4b23-905b-16d670a7f7e1/prb (QoS 0)
1658917163: 	toBACnet/7179d7d6-0f75-4b23-905b-16d670a7f7e1/pm1 (QoS 0)
1658917163: 	toBACnet/7179d7d6-0f75-4b23-905b-16d670a7f7e1/pm4 (QoS 0)
1658917163: 	toBACnet/7179d7d6-0f75-4b23-905b-16d670a7f7e1/iaqi (QoS 0)
1658917163: 	toBACnet/7179d7d6-0f75-4b23-905b-16d670a7f7e1/tci (QoS 0)
1658917163: 	toBACnet/7179d7d6-0f75-4b23-905b-16d670a7f7e1/eiaqi (QoS 0)
1658917163: Sending SUBACK to gatewayid
1658917207: Received PINGREQ from gatewayid
1658917207: Sending PINGRESP to gatewayid
1658917268: Received PINGREQ from gatewayid
1658917268: Sending PINGRESP to gatewayid
1658917328: Received PINGREQ from gatewayid
1658917328: Sending PINGRESP to gatewayid
1658917388: Received PINGREQ from gatewayid
1658917388: Sending PINGRESP to gatewayid
1658917448: Received PINGREQ from gatewayid
1658917448: Sending PINGRESP to gatewayid
1658917508: Received PINGREQ from gatewayid
1658917508: Sending PINGRESP to gatewayid
1658917568: Received PINGREQ from gatewayid
1658917568: Sending PINGRESP to gatewayid
1658917628: Received PINGREQ from gatewayid
1658917628: Sending PINGRESP to gatewayid
1658917688: Received PINGREQ from gatewayid
1658917688: Sending PINGRESP to gatewayid
1658917749: Received PINGREQ from gatewayid
1658917749: Sending PINGRESP to gatewayid
1658917809: Received PINGREQ from gatewayid
1658917809: Sending PINGRESP to gatewayid
1658917869: Received PINGREQ from gatewayid
1658917869: Sending PINGRESP to gatewayid
1658917965: No will message specified.
1658917965: Sending CONNACK to gatewayid (0, 0)
1658917965: Received PUBLISH from gatewayid (d0, q0, r0, m0, 'gatewayConn', ... (21 bytes))
1658917965: Received SUBSCRIBE from gatewayid
1658917965: 	toBACnet/7179d7d6-0f75-4b23-905b-16d670a7f7e1/co2 (QoS 0)
1658917965: 	toBACnet/7179d7d6-0f75-4b23-905b-16d670a7f7e1/voc (QoS 0)
1658917965: 	toBACnet/7179d7d6-0f75-4b23-905b-16d670a7f7e1/co (QoS 0)
1658917965: 	toBACnet/7179d7d6-0f75-4b23-905b-16d670a7f7e1/pm10 (QoS 0)
1658917965: 	toBACnet/7179d7d6-0f75-4b23-905b-16d670a7f7e1/pm2.5 (QoS 0)
1658917965: 	toBACnet/7179d7d6-0f75-4b23-905b-16d670a7f7e1/temp (QoS 0)
1658917965: 	toBACnet/7179d7d6-0f75-4b23-905b-16d670a7f7e1/hum (QoS 0)
1658917965: 	toBACnet/7179d7d6-0f75-4b23-905b-16d670a7f7e1/prb (QoS 0)
1658917965: 	toBACnet/7179d7d6-0f75-4b23-905b-16d670a7f7e1/pm1 (QoS 0)
1658917965: 	toBACnet/7179d7d6-0f75-4b23-905b-16d670a7f7e1/pm4 (QoS 0)
1658917965: 	toBACnet/7179d7d6-0f75-4b23-905b-16d670a7f7e1/iaqi (QoS 0)
1658917965: 	toBACnet/7179d7d6-0f75-4b23-905b-16d670a7f7e1/tci (QoS 0)
1658917965: 	toBACnet/7179d7d6-0f75-4b23-905b-16d670a7f7e1/eiaqi (QoS 0)
1658917965: Sending SUBACK to gatewayid
1658917989: Received PINGREQ from gatewayid
1658917989: Sending PINGRESP to gatewayid
1658918073: No will message specified.
1658918073: Sending CONNACK to gatewayid (0, 0)
1658918073: Received PUBLISH from gatewayid (d0, q0, r0, m0, 'gatewayConn', ... (21 bytes))
1658918073: Received SUBSCRIBE from gatewayid
1658918073: 	toBACnet/7179d7d6-0f75-4b23-905b-16d670a7f7e1/co2 (QoS 0)
1658918073: 	toBACnet/7179d7d6-0f75-4b23-905b-16d670a7f7e1/voc (QoS 0)
1658918073: 	toBACnet/7179d7d6-0f75-4b23-905b-16d670a7f7e1/co (QoS 0)
1658918073: 	toBACnet/7179d7d6-0f75-4b23-905b-16d670a7f7e1/pm10 (QoS 0)
1658918073: 	toBACnet/7179d7d6-0f75-4b23-905b-16d670a7f7e1/pm2.5 (QoS 0)
1658918073: 	toBACnet/7179d7d6-0f75-4b23-905b-16d670a7f7e1/temp (QoS 0)
1658918073: 	toBACnet/7179d7d6-0f75-4b23-905b-16d670a7f7e1/hum (QoS 0)
1658918073: 	toBACnet/7179d7d6-0f75-4b23-905b-16d670a7f7e1/prb (QoS 0)
1658918073: 	toBACnet/7179d7d6-0f75-4b23-905b-16d670a7f7e1/pm1 (QoS 0)
1658918073: 	toBACnet/7179d7d6-0f75-4b23-905b-16d670a7f7e1/pm4 (QoS 0)
1658918073: 	toBACnet/7179d7d6-0f75-4b23-905b-16d670a7f7e1/iaqi (QoS 0)
1658918073: 	toBACnet/7179d7d6-0f75-4b23-905b-16d670a7f7e1/tci (QoS 0)
1658918073: 	toBACnet/7179d7d6-0f75-4b23-905b-16d670a7f7e1/eiaqi (QoS 0)
1658918073: Sending SUBACK to gatewayid
1658918133: No will message specified.
1658918133: Sending CONNACK to gatewayid (0, 0)
1658918133: Received PUBLISH from gatewayid (d0, q0, r0, m0, 'gatewayConn', ... (21 bytes))
1658918134: Received SUBSCRIBE from gatewayid
1658918134: 	toBACnet/7179d7d6-0f75-4b23-905b-16d670a7f7e1/co2 (QoS 0)
1658918134: 	toBACnet/7179d7d6-0f75-4b23-905b-16d670a7f7e1/voc (QoS 0)
1658918134: 	toBACnet/7179d7d6-0f75-4b23-905b-16d670a7f7e1/co (QoS 0)
1658918134: 	toBACnet/7179d7d6-0f75-4b23-905b-16d670a7f7e1/pm10 (QoS 0)
1658918134: 	toBACnet/7179d7d6-0f75-4b23-905b-16d670a7f7e1/pm2.5 (QoS 0)
1658918134: 	toBACnet/7179d7d6-0f75-4b23-905b-16d670a7f7e1/temp (QoS 0)
1658918134: 	toBACnet/7179d7d6-0f75-4b23-905b-16d670a7f7e1/hum (QoS 0)
1658918134: 	toBACnet/7179d7d6-0f75-4b23-905b-16d670a7f7e1/prb (QoS 0)
1658918134: 	toBACnet/7179d7d6-0f75-4b23-905b-16d670a7f7e1/pm1 (QoS 0)
1658918134: 	toBACnet/7179d7d6-0f75-4b23-905b-16d670a7f7e1/pm4 (QoS 0)
1658918134: 	toBACnet/7179d7d6-0f75-4b23-905b-16d670a7f7e1/iaqi (QoS 0)
1658918134: 	toBACnet/7179d7d6-0f75-4b23-905b-16d670a7f7e1/tci (QoS 0)
1658918134: 	toBACnet/7179d7d6-0f75-4b23-905b-16d670a7f7e1/eiaqi (QoS 0)
1658918134: Sending SUBACK to gatewayid
1658918289: No will message specified.
1658918289: Sending CONNACK to gatewayid (0, 0)
1658918289: Received PUBLISH from gatewayid (d0, q0, r0, m0, 'gatewayConn', ... (21 bytes))
1658918290: Received SUBSCRIBE from gatewayid
1658918290: 	toBACnet/7179d7d6-0f75-4b23-905b-16d670a7f7e1/co2 (QoS 0)
1658918290: 	toBACnet/7179d7d6-0f75-4b23-905b-16d670a7f7e1/voc (QoS 0)
1658918290: 	toBACnet/7179d7d6-0f75-4b23-905b-16d670a7f7e1/co (QoS 0)
1658918290: 	toBACnet/7179d7d6-0f75-4b23-905b-16d670a7f7e1/pm10 (QoS 0)
1658918290: 	toBACnet/7179d7d6-0f75-4b23-905b-16d670a7f7e1/pm2.5 (QoS 0)
1658918290: 	toBACnet/7179d7d6-0f75-4b23-905b-16d670a7f7e1/temp (QoS 0)
1658918290: 	toBACnet/7179d7d6-0f75-4b23-905b-16d670a7f7e1/hum (QoS 0)
1658918290: 	toBACnet/7179d7d6-0f75-4b23-905b-16d670a7f7e1/prb (QoS 0)
1658918290: 	toBACnet/7179d7d6-0f75-4b23-905b-16d670a7f7e1/pm1 (QoS 0)
1658918290: 	toBACnet/7179d7d6-0f75-4b23-905b-16d670a7f7e1/pm4 (QoS 0)
1658918290: 	toBACnet/7179d7d6-0f75-4b23-905b-16d670a7f7e1/iaqi (QoS 0)
1658918290: 	toBACnet/7179d7d6-0f75-4b23-905b-16d670a7f7e1/tci (QoS 0)
1658918290: 	toBACnet/7179d7d6-0f75-4b23-905b-16d670a7f7e1/eiaqi (QoS 0)
1658918290: Sending SUBACK to gatewayid
1658918290: Received PINGREQ from gatewayid
1658918290: Sending PINGRESP to gatewayid
1658918350: Received PINGREQ from gatewayid
1658918350: Sending PINGRESP to gatewayid
1658918410: Received PINGREQ from gatewayid
1658918410: Sending PINGRESP to gatewayid
1658918470: Received PINGREQ from gatewayid
1658918470: Sending PINGRESP to gatewayid
1658918530: Received PINGREQ from gatewayid
1658918530: Sending PINGRESP to gatewayid
1658919170: No will message specified.
1658919170: Sending CONNACK to nodered_7bb3aa53092d1683 (0, 0)
1658919170: Received SUBSCRIBE from nodered_7bb3aa53092d1683
1658919170: 	medida (QoS 0)
1658919170: Sending SUBACK to nodered_7bb3aa53092d1683
1658919206: No will message specified.
1658919206: Sending CONNACK to gatewayid (0, 0)
1658919206: Received PUBLISH from gatewayid (d0, q0, r0, m0, 'gatewayConn', ... (21 bytes))
1658919206: Received SUBSCRIBE from gatewayid
1658919206: 	toBACnet/7179d7d6-0f75-4b23-905b-16d670a7f7e1/co2 (QoS 0)
1658919206: 	toBACnet/7179d7d6-0f75-4b23-905b-16d670a7f7e1/voc (QoS 0)
1658919206: 	toBACnet/7179d7d6-0f75-4b23-905b-16d670a7f7e1/co (QoS 0)
1658919206: 	toBACnet/7179d7d6-0f75-4b23-905b-16d670a7f7e1/pm10 (QoS 0)
1658919206: 	toBACnet/7179d7d6-0f75-4b23-905b-16d670a7f7e1/pm2.5 (QoS 0)
1658919206: 	toBACnet/7179d7d6-0f75-4b23-905b-16d670a7f7e1/temp (QoS 0)
1658919206: 	toBACnet/7179d7d6-0f75-4b23-905b-16d670a7f7e1/hum (QoS 0)
1658919206: 	toBACnet/7179d7d6-0f75-4b23-905b-16d670a7f7e1/prb (QoS 0)
1658919206: 	toBACnet/7179d7d6-0f75-4b23-905b-16d670a7f7e1/pm1 (QoS 0)
1658919206: 	toBACnet/7179d7d6-0f75-4b23-905b-16d670a7f7e1/pm4 (QoS 0)
1658919206: 	toBACnet/7179d7d6-0f75-4b23-905b-16d670a7f7e1/iaqi (QoS 0)
1658919206: 	toBACnet/7179d7d6-0f75-4b23-905b-16d670a7f7e1/tci (QoS 0)
1658919206: 	toBACnet/7179d7d6-0f75-4b23-905b-16d670a7f7e1/eiaqi (QoS 0)
1658919206: Sending SUBACK to gatewayid
1658919206: Received PINGREQ from gatewayid
1658919206: Sending PINGRESP to gatewayid
1658919231: Received PINGREQ from nodered_7bb3aa53092d1683
1658919231: Sending PINGRESP to nodered_7bb3aa53092d1683
1658919267: Received PINGREQ from gatewayid
1658919267: Sending PINGRESP to gatewayid
1658919291: Received PINGREQ from nodered_7bb3aa53092d1683
1658919291: Sending PINGRESP to nodered_7bb3aa53092d1683
1658919327: Received PINGREQ from gatewayid
1658919327: Sending PINGRESP to gatewayid
